[debug] [2021-05-16T06:46:03.122Z] ----------------------------------------------------------------------
[debug] [2021-05-16T06:46:03.124Z] Command:       C:\Program Files\nodejs\node.exe C:\Users\User\AppData\Roaming\npm\node_modules\firebase-tools\lib\bin\firebase.js init
[debug] [2021-05-16T06:46:03.124Z] CLI Version:   9.8.0
[debug] [2021-05-16T06:46:03.124Z] Platform:      win32
[debug] [2021-05-16T06:46:03.124Z] Node Version:  v15.13.0
[debug] [2021-05-16T06:46:03.125Z] Time:          Sun May 16 2021 12:31:03 GMT+0545 (Nepal Time)
[debug] [2021-05-16T06:46:03.125Z] ----------------------------------------------------------------------
[debug] 
[debug] [2021-05-16T06:46:03.129Z] > command requires scopes: ["email","openid","https://www.googleapis.com/auth/cloudplatformprojects.readonly","https://www.googleapis.com/auth/firebase","https://www.googleapis.com/auth/cloud-platform"]
[debug] [2021-05-16T06:46:03.129Z] > authorizing via signed-in user
[info] 
     ######## #### ########  ######## ########     ###     ######  ########
     ##        ##  ##     ## ##       ##     ##  ##   ##  ##       ##
     ######    ##  ########  ######   ########  #########  ######  ######
     ##        ##  ##    ##  ##       ##     ## ##     ##       ## ##
     ##       #### ##     ## ######## ########  ##     ##  ######  ########

You're about to initialize a Firebase project in this directory:

  D:\HTML Projects\snake-game

[info] 
=== Project Setup
[info] 
[info] First, let's associate this project directory with a Firebase project.
[info] You can create multiple project aliases by running firebase use --add, 
[info] but for now we'll just set up a default project.
[info] 
[debug] [2021-05-16T06:46:34.032Z] > refreshing access token with scopes: []
[debug] [2021-05-16T06:46:34.032Z] >>> HTTP REQUEST POST https://www.googleapis.com/oauth2/v3/token  
 <request body omitted>
[debug] [2021-05-16T06:46:49.262Z] <<< HTTP RESPONSE 200 {"expires":"Mon, 01 Jan 1990 00:00:00 GMT","date":"Sun, 16 May 2021 06:46:45 GMT","pragma":"no-cache","cache-control":"no-cache, no-store, max-age=0, must-revalidate","content-type":"application/json; charset=utf-8","vary":"X-Origin, Referer, Origin,Accept-Encoding","server":"scaffolding on HTTPServer2","x-xss-protection":"0","x-frame-options":"SAMEORIGIN","x-content-type-options":"nosniff","alt-svc":"h3-29=\":443\"; ma=2592000,h3-T051=\":443\"; ma=2592000,h3-Q050=\":443\"; ma=2592000,h3-Q046=\":443\"; ma=2592000,h3-Q043=\":443\"; ma=2592000,quic=\":443\"; ma=2592000; v=\"46,43\"","accept-ranges":"none","transfer-encoding":"chunked"}
[debug] [2021-05-16T06:46:49.268Z] >>> [apiv2][query] GET https://firebase.googleapis.com/v1beta1/projects pageSize=100
[debug] [2021-05-16T06:47:19.278Z] Timeout reached making request to https://firebase.googleapis.com/v1beta1/projects?pageSize=100
[debug] [2021-05-16T06:47:39.852Z] FirebaseError: Timeout reached making request to https://firebase.googleapis.com/v1beta1/projects?pageSize=100
    at Client.doRequest (C:\Users\User\AppData\Roaming\npm\node_modules\firebase-tools\lib\apiv2.js:209:23)
    at processTicksAndRejections (node:internal/process/task_queues:94:5)
    at async Client.request (C:\Users\User\AppData\Roaming\npm\node_modules\firebase-tools\lib\apiv2.js:96:20)
    at async getProjectPage (C:\Users\User\AppData\Roaming\npm\node_modules\firebase-tools\lib\management\projects.js:232:17)
    at async getFirebaseProjectPage (C:\Users\User\AppData\Roaming\npm\node_modules\firebase-tools\lib\management\projects.js:249:23)
    at async selectProjectInteractively (C:\Users\User\AppData\Roaming\npm\node_modules\firebase-tools\lib\management\projects.js:95:41)
    at async Object.doSetup [as project] (C:\Users\User\AppData\Roaming\npm\node_modules\firebase-tools\lib\init\features\project.js:87:27)
    at async init (C:\Users\User\AppData\Roaming\npm\node_modules\firebase-tools\lib\init\index.js:19:9)
[error] 
[error] Error: Failed to list Firebase projects. See firebase-debug.log for more info.
